2019-03-25 10:19:59.469  INFO 1340 --- [restartedMain] c.a.u.u.UserserviceApplication           : Starting UserserviceApplication on DESKTOP-33D2FRI with PID 1340 (started by Terry in C:\Users\Terry\Desktop\final project\userservice)
2019-03-25 10:19:59.505  INFO 1340 --- [restartedMain] c.a.u.u.UserserviceApplication           : No active profile set, falling back to default profiles: default
2019-03-25 10:19:59.718  INFO 1340 --- [restartedMain] .e.DevToolsPropertyDefaultsPostProcessor : Devtools property defaults active! Set 'spring.devtools.add-properties' to 'false' to disable
2019-03-25 10:19:59.719  INFO 1340 --- [restartedMain] .e.DevToolsPropertyDefaultsPostProcessor : For additional web related logging consider setting the 'logging.level.web' property to 'DEBUG'
2019-03-25 10:20:03.955  INFO 1340 --- [restartedMain] .s.d.r.c.RepositoryConfigurationDelegate : Bootstrapping Spring Data repositories in DEFAULT mode.
2019-03-25 10:20:04.283  INFO 1340 --- [restartedMain] .s.d.r.c.RepositoryConfigurationDelegate : Finished Spring Data repository scanning in 307ms. Found 2 repository interfaces.
2019-03-25 10:20:05.866  INFO 1340 --- [restartedMain] trationDelegate$BeanPostProcessorChecker : Bean 'org.springframework.transaction.annotation.ProxyTransactionManagementConfiguration' of type [org.springframework.transaction.annotation.ProxyTransactionManagementConfiguration$$EnhancerBySpringCGLIB$$1eb318d2] is not eligible for getting processed by all BeanPostProcessors (for example: not eligible for auto-proxying)
2019-03-25 10:20:06.174  INFO 1340 --- [restartedMain] trationDelegate$BeanPostProcessorChecker : Bean 'org.springframework.security.config.annotation.configuration.ObjectPostProcessorConfiguration' of type [org.springframework.security.config.annotation.configuration.ObjectPostProcessorConfiguration$$EnhancerBySpringCGLIB$$b760e10c] is not eligible for getting processed by all BeanPostProcessors (for example: not eligible for auto-proxying)
2019-03-25 10:20:06.325  INFO 1340 --- [restartedMain] trationDelegate$BeanPostProcessorChecker : Bean 'objectPostProcessor' of type [org.springframework.security.config.annotation.configuration.AutowireBeanFactoryObjectPostProcessor] is not eligible for getting processed by all BeanPostProcessors (for example: not eligible for auto-proxying)
2019-03-25 10:20:06.400  INFO 1340 --- [restartedMain] trationDelegate$BeanPostProcessorChecker : Bean 'org.springframework.security.access.expression.method.DefaultMethodSecurityExpressionHandler@1151c40c' of type [org.springframework.security.access.expression.method.DefaultMethodSecurityExpressionHandler] is not eligible for getting processed by all BeanPostProcessors (for example: not eligible for auto-proxying)
2019-03-25 10:20:06.468  INFO 1340 --- [restartedMain] trationDelegate$BeanPostProcessorChecker : Bean 'org.springframework.security.config.annotation.method.configuration.GlobalMethodSecurityConfiguration' of type [org.springframework.security.config.annotation.method.configuration.GlobalMethodSecurityConfiguration$$EnhancerBySpringCGLIB$$dc3583be] is not eligible for getting processed by all BeanPostProcessors (for example: not eligible for auto-proxying)
2019-03-25 10:20:06.483  INFO 1340 --- [restartedMain] trationDelegate$BeanPostProcessorChecker : Bean 'methodSecurityMetadataSource' of type [org.springframework.security.access.method.DelegatingMethodSecurityMetadataSource] is not eligible for getting processed by all BeanPostProcessors (for example: not eligible for auto-proxying)
2019-03-25 10:20:09.223  INFO 1340 --- [restartedMain] o.s.b.w.embedded.tomcat.TomcatWebServer  : Tomcat initialized with port(s): 8081 (http)
2019-03-25 10:20:09.297  INFO 1340 --- [restartedMain] o.apache.catalina.core.StandardService   : Starting service [Tomcat]
2019-03-25 10:20:09.298  INFO 1340 --- [restartedMain] org.apache.catalina.core.StandardEngine  : Starting Servlet engine: [Apache Tomcat/9.0.16]
2019-03-25 10:20:09.327  INFO 1340 --- [restartedMain] o.a.catalina.core.AprLifecycleListener   : The APR based Apache Tomcat Native library which allows optimal performance in production environments was not found on the java.library.path: [C:\Program Files\Java\jre1.8.0_191\bin;C:\windows\Sun\Java\bin;C:\windows\system32;C:\windows;C:/Program Files/Java/jre1.8.0_191/bin/server;C:/Program Files/Java/jre1.8.0_191/bin;C:/Program Files/Java/jre1.8.0_191/lib/amd64;C:\oraclexe\app\oracle\product\11.2.0\server\bin;;C:\Program Files (x86)\Common Files\Oracle\Java\javapath;C:\windows\system32;C:\windows;C:\windows\System32\Wbem;C:\windows\System32\WindowsPowerShell\v1.0\;C:\windows\System32\OpenSSH\;C:\ProgramData\chocolatey\bin;C:\Program Files\Java\jdk1.8.0_191\bin;C:\Program Files\Microsoft VS Code\bin;C:\Program Files\Git\cmd;C:\Program Files\nodejs\;C:\Program Files\PuTTY\;C:\Users\Terry\AppData\Local\Programs\Python\Python37-32\Scripts\;C:\Users\Terry\AppData\Local\Programs\Python\Python37-32\;C:\Users\Terry\AppData\Local\Microsoft\WindowsApps;%apache-maven-3.6.0%C:\Users\Terry\Downloads\apache-maven-3.6.0-bin\apache-maven-3.6.0\bin;C:\Program Files\JetBrains\IntelliJ IDEA Community Edition 2018.3\bin;;C:\Users\Terry\AppData\Local\Programs\MiKTeX 2.9\miktex\bin\x64\;C:\Users\Terry\AppData\Roaming\npm;C:\Program Files\JetBrains\WebStorm 2018.3.4\bin;;C:\Program Files\heroku\bin;C:\Users\Terry\Desktop\OpenSource\eclipse;;.]
2019-03-25 10:20:09.823  INFO 1340 --- [restartedMain] o.a.c.c.C.[Tomcat].[localhost].[/]       : Initializing Spring embedded WebApplicationContext
2019-03-25 10:20:09.826  INFO 1340 --- [restartedMain] o.s.web.context.ContextLoader            : Root WebApplicationContext: initialization completed in 10107 ms
2019-03-25 10:20:10.731  INFO 1340 --- [restartedMain] com.zaxxer.hikari.HikariDataSource       : HikariPool-1 - Starting...
2019-03-25 10:20:12.395  INFO 1340 --- [restartedMain] com.zaxxer.hikari.pool.PoolBase          : HikariPool-1 - Driver does not support get/set network timeout for connections. (oracle.jdbc.driver.T4CConnection.getNetworkTimeout()I)
2019-03-25 10:20:12.404  INFO 1340 --- [restartedMain] com.zaxxer.hikari.HikariDataSource       : HikariPool-1 - Start completed.
2019-03-25 10:20:12.564  INFO 1340 --- [restartedMain] o.hibernate.jpa.internal.util.LogHelper  : HHH000204: Processing PersistenceUnitInfo [
	name: default
	...]
2019-03-25 10:20:12.949  INFO 1340 --- [restartedMain] org.hibernate.Version                    : HHH000412: Hibernate Core {5.3.7.Final}
2019-03-25 10:20:12.963  INFO 1340 --- [restartedMain] org.hibernate.cfg.Environment            : HHH000206: hibernate.properties not found
2019-03-25 10:20:14.188  INFO 1340 --- [restartedMain] o.hibernate.annotations.common.Version   : HCANN000001: Hibernate Commons Annotations {5.0.4.Final}
2019-03-25 10:20:14.866  INFO 1340 --- [restartedMain] org.hibernate.dialect.Dialect            : HHH000400: Using dialect: org.hibernate.dialect.Oracle10gDialect
2019-03-25 10:20:18.518  INFO 1340 --- [restartedMain] j.LocalContainerEntityManagerFactoryBean : Initialized JPA EntityManagerFactory for persistence unit 'default'
2019-03-25 10:20:21.858  INFO 1340 --- [restartedMain] o.s.s.web.DefaultSecurityFilterChain     : Creating filter chain: any request, [org.springframework.security.web.context.request.async.WebAsyncManagerIntegrationFilter@6f0fcbd4, org.springframework.security.web.context.SecurityContextPersistenceFilter@d681e41, org.springframework.security.web.header.HeaderWriterFilter@444051ec, org.springframework.security.web.authentication.logout.LogoutFilter@7641b285, org.springframework.security.web.authentication.UsernamePasswordAuthenticationFilter@6e24fe1c, org.springframework.security.web.authentication.ui.DefaultLoginPageGeneratingFilter@768380c6, org.springframework.security.web.authentication.ui.DefaultLogoutPageGeneratingFilter@566c9552, org.springframework.security.web.authentication.www.BasicAuthenticationFilter@6e5a5bdc, org.springframework.security.web.savedrequest.RequestCacheAwareFilter@327080de, org.springframework.security.web.servletapi.SecurityContextHolderAwareRequestFilter@4677bb9f, org.springframework.security.web.authentication.AnonymousAuthenticationFilter@12a31858, org.springframework.security.web.session.SessionManagementFilter@3085190d, org.springframework.security.web.access.ExceptionTranslationFilter@2f5be44e, org.springframework.security.web.access.intercept.FilterSecurityInterceptor@6d2b2a31]
2019-03-25 10:20:23.752  INFO 1340 --- [restartedMain] o.s.s.concurrent.ThreadPoolTaskExecutor  : Initializing ExecutorService 'applicationTaskExecutor'
2019-03-25 10:20:23.938  WARN 1340 --- [restartedMain] aWebConfiguration$JpaWebMvcConfiguration : spring.jpa.open-in-view is enabled by default. Therefore, database queries may be performed during view rendering. Explicitly configure spring.jpa.open-in-view to disable this warning
2019-03-25 10:20:25.597  WARN 1340 --- [restartedMain] o.s.b.d.a.OptionalLiveReloadServer       : Unable to start LiveReload server
2019-03-25 10:20:27.543  INFO 1340 --- [restartedMain] o.s.b.w.embedded.tomcat.TomcatWebServer  : Tomcat started on port(s): 8081 (http) with context path ''
2019-03-25 10:20:27.556  INFO 1340 --- [restartedMain] c.a.u.u.UserserviceApplication           : Started UserserviceApplication in 28.988 seconds (JVM running for 31.986)
2019-03-25 10:21:14.681  INFO 1340 --- [http-nio-8081-exec-10] o.a.c.c.C.[Tomcat].[localhost].[/]       : Initializing Spring DispatcherServlet 'dispatcherServlet'
2019-03-25 10:21:14.683  INFO 1340 --- [http-nio-8081-exec-10] o.s.web.servlet.DispatcherServlet        : Initializing Servlet 'dispatcherServlet'
2019-03-25 10:21:14.696  INFO 1340 --- [http-nio-8081-exec-10] o.s.web.servlet.DispatcherServlet        : Completed initialization in 12 ms
2019-03-25 10:21:20.115  INFO 1340 --- [http-nio-8081-exec-9] o.h.h.i.QueryTranslatorFactoryInitiator  : HHH000397: Using ASTQueryTranslatorFactory
2019-03-25 12:13:30.684  WARN 1340 --- [HikariPool-1 housekeeper] com.zaxxer.hikari.pool.HikariPool        : HikariPool-1 - Thread starvation or clock leap detected (housekeeper delta=13m47s953ms660µs548ns).
2019-03-25 13:29:41.772  WARN 1340 --- [HikariPool-1 housekeeper] com.zaxxer.hikari.pool.HikariPool        : HikariPool-1 - Thread starvation or clock leap detected (housekeeper delta=45m11s44ms157µs824ns).
2019-03-25 13:53:30.081  INFO 1340 --- [Thread-1] o.s.s.concurrent.ThreadPoolTaskExecutor  : Shutting down ExecutorService 'applicationTaskExecutor'
2019-03-25 13:53:30.087  INFO 1340 --- [Thread-1] j.LocalContainerEntityManagerFactoryBean : Closing JPA EntityManagerFactory for persistence unit 'default'
2019-03-25 13:53:30.127  INFO 1340 --- [Thread-1] com.zaxxer.hikari.HikariDataSource       : HikariPool-1 - Shutdown initiated...
2019-03-25 13:53:30.135  INFO 1340 --- [Thread-1] com.zaxxer.hikari.HikariDataSource       : HikariPool-1 - Shutdown completed.
2019-03-25 13:53:31.297  INFO 1340 --- [restartedMain] c.a.u.u.UserserviceApplication           : Starting UserserviceApplication on DESKTOP-33D2FRI with PID 1340 (started by Terry in C:\Users\Terry\Desktop\final project\userservice)
2019-03-25 13:53:31.298  INFO 1340 --- [restartedMain] c.a.u.u.UserserviceApplication           : No active profile set, falling back to default profiles: default
2019-03-25 13:53:31.836  INFO 1340 --- [restartedMain] .s.d.r.c.RepositoryConfigurationDelegate : Bootstrapping Spring Data repositories in DEFAULT mode.
2019-03-25 13:53:31.872  INFO 1340 --- [restartedMain] .s.d.r.c.RepositoryConfigurationDelegate : Finished Spring Data repository scanning in 35ms. Found 2 repository interfaces.
2019-03-25 13:53:32.021  INFO 1340 --- [restartedMain] trationDelegate$BeanPostProcessorChecker : Bean 'org.springframework.transaction.annotation.ProxyTransactionManagementConfiguration' of type [org.springframework.transaction.annotation.ProxyTransactionManagementConfiguration$$EnhancerBySpringCGLIB$$1eb318d2] is not eligible for getting processed by all BeanPostProcessors (for example: not eligible for auto-proxying)
2019-03-25 13:53:32.032  INFO 1340 --- [restartedMain] trationDelegate$BeanPostProcessorChecker : Bean 'org.springframework.security.config.annotation.configuration.ObjectPostProcessorConfiguration' of type [org.springframework.security.config.annotation.configuration.ObjectPostProcessorConfiguration$$EnhancerBySpringCGLIB$$b760e10c] is not eligible for getting processed by all BeanPostProcessors (for example: not eligible for auto-proxying)
2019-03-25 13:53:32.036  INFO 1340 --- [restartedMain] trationDelegate$BeanPostProcessorChecker : Bean 'objectPostProcessor' of type [org.springframework.security.config.annotation.configuration.AutowireBeanFactoryObjectPostProcessor] is not eligible for getting processed by all BeanPostProcessors (for example: not eligible for auto-proxying)
2019-03-25 13:53:32.037  INFO 1340 --- [restartedMain] trationDelegate$BeanPostProcessorChecker : Bean 'org.springframework.security.access.expression.method.DefaultMethodSecurityExpressionHandler@66e8b9bd' of type [org.springframework.security.access.expression.method.DefaultMethodSecurityExpressionHandler] is not eligible for getting processed by all BeanPostProcessors (for example: not eligible for auto-proxying)
2019-03-25 13:53:32.038  INFO 1340 --- [restartedMain] trationDelegate$BeanPostProcessorChecker : Bean 'org.springframework.security.config.annotation.method.configuration.GlobalMethodSecurityConfiguration' of type [org.springframework.security.config.annotation.method.configuration.GlobalMethodSecurityConfiguration$$EnhancerBySpringCGLIB$$dc3583be] is not eligible for getting processed by all BeanPostProcessors (for example: not eligible for auto-proxying)
2019-03-25 13:53:32.039  INFO 1340 --- [restartedMain] trationDelegate$BeanPostProcessorChecker : Bean 'methodSecurityMetadataSource' of type [org.springframework.security.access.method.DelegatingMethodSecurityMetadataSource] is not eligible for getting processed by all BeanPostProcessors (for example: not eligible for auto-proxying)
2019-03-25 13:53:32.249  INFO 1340 --- [restartedMain] o.s.b.w.embedded.tomcat.TomcatWebServer  : Tomcat initialized with port(s): 8081 (http)
2019-03-25 13:53:32.251  INFO 1340 --- [restartedMain] o.apache.catalina.core.StandardService   : Starting service [Tomcat]
2019-03-25 13:53:32.253  INFO 1340 --- [restartedMain] org.apache.catalina.core.StandardEngine  : Starting Servlet engine: [Apache Tomcat/9.0.16]
2019-03-25 13:53:32.783  INFO 1340 --- [restartedMain] o.a.c.c.C.[Tomcat].[localhost].[/]       : Initializing Spring embedded WebApplicationContext
2019-03-25 13:53:32.783  INFO 1340 --- [restartedMain] o.s.web.context.ContextLoader            : Root WebApplicationContext: initialization completed in 1480 ms
2019-03-25 13:53:32.874  INFO 1340 --- [restartedMain] com.zaxxer.hikari.HikariDataSource       : HikariPool-2 - Starting...
2019-03-25 13:53:32.895  INFO 1340 --- [restartedMain] com.zaxxer.hikari.pool.PoolBase          : HikariPool-2 - Driver does not support get/set network timeout for connections. (oracle.jdbc.driver.T4CConnection.getNetworkTimeout()I)
2019-03-25 13:53:32.897  INFO 1340 --- [restartedMain] com.zaxxer.hikari.HikariDataSource       : HikariPool-2 - Start completed.
2019-03-25 13:53:32.912  INFO 1340 --- [restartedMain] o.hibernate.jpa.internal.util.LogHelper  : HHH000204: Processing PersistenceUnitInfo [
	name: default
	...]
2019-03-25 13:53:32.933  INFO 1340 --- [restartedMain] org.hibernate.dialect.Dialect            : HHH000400: Using dialect: org.hibernate.dialect.Oracle10gDialect
2019-03-25 13:53:33.051  INFO 1340 --- [restartedMain] j.LocalContainerEntityManagerFactoryBean : Initialized JPA EntityManagerFactory for persistence unit 'default'
2019-03-25 13:53:33.339  INFO 1340 --- [restartedMain] o.s.s.web.DefaultSecurityFilterChain     : Creating filter chain: any request, [org.springframework.security.web.context.request.async.WebAsyncManagerIntegrationFilter@5442610a, org.springframework.security.web.context.SecurityContextPersistenceFilter@5f6270bc, org.springframework.security.web.header.HeaderWriterFilter@9547423, org.springframework.security.web.authentication.logout.LogoutFilter@2a7b8501, org.springframework.security.web.authentication.UsernamePasswordAuthenticationFilter@6a758b3, org.springframework.security.web.authentication.ui.DefaultLoginPageGeneratingFilter@66d0fef7, org.springframework.security.web.authentication.ui.DefaultLogoutPageGeneratingFilter@5a6b91b2, org.springframework.security.web.authentication.www.BasicAuthenticationFilter@2ff42d9, org.springframework.security.web.savedrequest.RequestCacheAwareFilter@5720f720, org.springframework.security.web.servletapi.SecurityContextHolderAwareRequestFilter@7dff648b, org.springframework.security.web.authentication.AnonymousAuthenticationFilter@6635388c, org.springframework.security.web.session.SessionManagementFilter@66bfb162, org.springframework.security.web.access.ExceptionTranslationFilter@73ff76b6, org.springframework.security.web.access.intercept.FilterSecurityInterceptor@6b8ca57d]
2019-03-25 13:53:33.545  INFO 1340 --- [restartedMain] o.s.s.concurrent.ThreadPoolTaskExecutor  : Initializing ExecutorService 'applicationTaskExecutor'
2019-03-25 13:53:33.566  WARN 1340 --- [restartedMain] aWebConfiguration$JpaWebMvcConfiguration : spring.jpa.open-in-view is enabled by default. Therefore, database queries may be performed during view rendering. Explicitly configure spring.jpa.open-in-view to disable this warning
2019-03-25 13:53:33.806  WARN 1340 --- [restartedMain] o.s.b.d.a.OptionalLiveReloadServer       : Unable to start LiveReload server
2019-03-25 13:53:33.865  INFO 1340 --- [restartedMain] o.s.b.w.embedded.tomcat.TomcatWebServer  : Tomcat started on port(s): 8081 (http) with context path ''
2019-03-25 13:53:33.867  INFO 1340 --- [restartedMain] c.a.u.u.UserserviceApplication           : Started UserserviceApplication in 2.647 seconds (JVM running for 12818.352)
2019-03-25 13:53:33.873  INFO 1340 --- [restartedMain] .ConditionEvaluationDeltaLoggingListener : Condition evaluation unchanged
2019-03-25 15:05:03.200  INFO 1340 --- [http-nio-8081-exec-1] o.a.c.c.C.[Tomcat].[localhost].[/]       : Initializing Spring DispatcherServlet 'dispatcherServlet'
2019-03-25 15:05:03.206  INFO 1340 --- [http-nio-8081-exec-1] o.s.web.servlet.DispatcherServlet        : Initializing Servlet 'dispatcherServlet'
2019-03-25 15:05:03.313  INFO 1340 --- [http-nio-8081-exec-1] o.s.web.servlet.DispatcherServlet        : Completed initialization in 105 ms
2019-03-25 15:05:13.022  INFO 1340 --- [http-nio-8081-exec-2] o.h.h.i.QueryTranslatorFactoryInitiator  : HHH000397: Using ASTQueryTranslatorFactory
2019-03-25 16:09:20.397  WARN 1340 --- [http-nio-8081-exec-4] o.h.engine.jdbc.spi.SqlExceptionHelper   : SQL Error: 12899, SQLState: 72000
2019-03-25 16:09:20.400 ERROR 1340 --- [http-nio-8081-exec-4] o.h.engine.jdbc.spi.SqlExceptionHelper   : ORA-12899: value too large for column "ARTHAD"."ABC_USER"."EMAIL" (actual: 21, maximum: 20)

2019-03-25 16:09:20.537 ERROR 1340 --- [http-nio-8081-exec-4] o.h.i.ExceptionMapperStandardImpl        : HHH000346: Error during managed flush [org.hibernate.exception.GenericJDBCException: could not execute statement]
